commit 76daf4d1e9c25f0409c0504063f0af07856d1f02
Author: David Mauricio Gallo <david2190070@correo.uis.edu.co>
Date:   Mon Mar 4 18:13:29 2024 -0500

    crear area de trabajo

commit 84f0844bc8490f7164924943bcfa0063239cf479
Merge: b207623 ffe1899
Author: David Mauricio Gallo <david2190070@correo.uis.edu.co>
Date:   Mon Mar 4 17:51:08 2024 -0500

    conflicto

commit b207623e1b79723b1380e5c54b7d754a45296635
Author: David Mauricio Gallo <david2190070@correo.uis.edu.co>
Date:   Mon Mar 4 17:04:06 2024 -0500

    corregir obj

commit ffe18992bb189cdbf3ee41c1277022142b9b01db
Author: David Mauricio Gallo <david2190070@correo.uis.edu.co>
Date:   Mon Mar 4 17:00:03 2024 -0500

    corregir url

commit 1a083f481985520ee0f3a4e0dc12120221ea4f53
Author: David Mauricio Gallo <david2190070@correo.uis.edu.co>
Date:   Mon Mar 4 13:13:10 2024 -0500

    ordenar js

commit ec6f4e64d3a74938059aecbb7a35f416a12d312c
Author: David Mauricio Gallo <david2190070@correo.uis.edu.co>
Date:   Mon Mar 4 12:15:30 2024 -0500

    carpetas

commit 98b0eca68f7abbb92455b8a411e04a8eb5872096
Author: David Mauricio Gallo <david2190070@correo.uis.edu.co>
Date:   Mon Mar 4 12:15:05 2024 -0500

    carpetas

commit ae2de7d7297ed1e8e7e8530e9e476fbe611b74cf
Author: David Mauricio Gallo <david2190070@correo.uis.edu.co>
Date:   Fri Mar 1 19:40:39 2024 -0500

    Inicio
